2022-01-15 19:12:04,275 INFO org.springframework.boot.StartupInfoLogger [restartedMain] Starting NidhiCmsApplication on TBS-DEV-ANKURBANSALA with PID 18594 (/home/ankur/git/NidhiCMSFintech/target/classes started by ankur in /home/ankur/git/NidhiCMSFintech)
2022-01-15 19:12:04,277 INFO org.springframework.boot.SpringApplication [restartedMain] No active profile set, falling back to default profiles: default
2022-01-15 19:12:04,845 INFO org.springframework.data.repository.config.RepositoryConfigurationDelegate [restartedMain] Bootstrapping Spring Data repositories in DEFAULT mode.
2022-01-15 19:12:04,897 INFO org.springframework.data.repository.config.RepositoryConfigurationDelegate [restartedMain] Finished Spring Data repository scanning in 52ms. Found 10 repository interfaces.
2022-01-15 19:12:05,000 INFO org.springframework.context.support.PostProcessorRegistrationDelegate$BeanPostProcessorChecker [restartedMain] Bean 'org.springframework.transaction.annotation.ProxyTransactionManagementConfiguration' of type [org.springframework.transaction.annotation.ProxyTransactionManagementConfiguration$$EnhancerBySpringCGLIB$$d6813e07] is not eligible for getting processed by all BeanPostProcessors (for example: not eligible for auto-proxying)
2022-01-15 19:12:05,004 INFO org.springframework.context.support.PostProcessorRegistrationDelegate$BeanPostProcessorChecker [restartedMain] Bean 'org.springframework.security.config.annotation.configuration.ObjectPostProcessorConfiguration' of type [org.springframework.security.config.annotation.configuration.ObjectPostProcessorConfiguration$$EnhancerBySpringCGLIB$$6f2f0641] is not eligible for getting processed by all BeanPostProcessors (for example: not eligible for auto-proxying)
2022-01-15 19:12:05,006 INFO org.springframework.context.support.PostProcessorRegistrationDelegate$BeanPostProcessorChecker [restartedMain] Bean 'objectPostProcessor' of type [org.springframework.security.config.annotation.configuration.AutowireBeanFactoryObjectPostProcessor] is not eligible for getting processed by all BeanPostProcessors (for example: not eligible for auto-proxying)
2022-01-15 19:12:05,007 INFO org.springframework.context.support.PostProcessorRegistrationDelegate$BeanPostProcessorChecker [restartedMain] Bean 'org.springframework.security.access.expression.method.DefaultMethodSecurityExpressionHandler@2d47d70' of type [org.springframework.security.access.expression.method.DefaultMethodSecurityExpressionHandler] is not eligible for getting processed by all BeanPostProcessors (for example: not eligible for auto-proxying)
2022-01-15 19:12:05,010 INFO org.springframework.context.support.PostProcessorRegistrationDelegate$BeanPostProcessorChecker [restartedMain] Bean 'org.springframework.security.config.annotation.method.configuration.GlobalMethodSecurityConfiguration' of type [org.springframework.security.config.annotation.method.configuration.GlobalMethodSecurityConfiguration$$EnhancerBySpringCGLIB$$9403a8f3] is not eligible for getting processed by all BeanPostProcessors (for example: not eligible for auto-proxying)
2022-01-15 19:12:05,010 INFO org.springframework.context.support.PostProcessorRegistrationDelegate$BeanPostProcessorChecker [restartedMain] Bean 'methodSecurityMetadataSource' of type [org.springframework.security.access.method.DelegatingMethodSecurityMetadataSource] is not eligible for getting processed by all BeanPostProcessors (for example: not eligible for auto-proxying)
2022-01-15 19:12:05,112 INFO org.springframework.boot.web.embedded.tomcat.TomcatWebServer [restartedMain] Tomcat initialized with port(s): 1234 (http)
2022-01-15 19:12:05,115 INFO org.apache.juli.logging.DirectJDKLog [restartedMain] Starting service [Tomcat]
2022-01-15 19:12:05,115 INFO org.apache.juli.logging.DirectJDKLog [restartedMain] Starting Servlet engine: [Apache Tomcat/9.0.24]
2022-01-15 19:12:05,206 INFO org.apache.juli.logging.DirectJDKLog [restartedMain] At least one JAR was scanned for TLDs yet contained no TLDs. Enable debug logging for this logger for a complete list of JARs that were scanned but no TLDs were found in them. Skipping unneeded JARs during scanning can improve startup time and JSP compilation time.
2022-01-15 19:12:05,208 INFO org.apache.juli.logging.DirectJDKLog [restartedMain] Initializing Spring embedded WebApplicationContext
2022-01-15 19:12:05,208 INFO org.springframework.boot.web.servlet.context.ServletWebServerApplicationContext [restartedMain] Root WebApplicationContext: initialization completed in 928 ms
2022-01-15 19:12:05,336 INFO org.hibernate.jpa.internal.util.LogHelper [restartedMain] HHH000204: Processing PersistenceUnitInfo [
	name: default
	...]
2022-01-15 19:12:05,356 INFO com.zaxxer.hikari.HikariDataSource [restartedMain] HikariPool-5 - Starting...
2022-01-15 19:12:05,363 INFO com.zaxxer.hikari.HikariDataSource [restartedMain] HikariPool-5 - Start completed.
2022-01-15 19:12:05,365 INFO org.hibernate.dialect.Dialect [restartedMain] HHH000400: Using dialect: org.hibernate.dialect.MySQL5InnoDBDialect
2022-01-15 19:12:05,651 INFO org.springframework.orm.jpa.AbstractEntityManagerFactoryBean [restartedMain] Initialized JPA EntityManagerFactory for persistence unit 'default'
2022-01-15 19:12:06,044 INFO org.springframework.boot.devtools.autoconfigure.OptionalLiveReloadServer [restartedMain] LiveReload server is running on port 35729
2022-01-15 19:12:06,054 INFO org.hibernate.hql.internal.QueryTranslatorFactoryInitiator [restartedMain] HHH000397: Using ASTQueryTranslatorFactory
2022-01-15 19:12:06,088 INFO com.nidhi.cms.NidhiCmsApplication [restartedMain] ******************************** %%%%%%%%%%%%%%%%%%%%%%%%%%%%%% 
2022-01-15 19:12:06,095 INFO org.dozer.DozerBeanMapper [restartedMain] Initializing a new instance of dozer bean mapper.
2022-01-15 19:12:06,370 WARN org.springframework.boot.autoconfigure.orm.jpa.JpaBaseConfiguration$JpaWebConfiguration$JpaWebMvcConfiguration [restartedMain] spring.jpa.open-in-view is enabled by default. Therefore, database queries may be performed during view rendering. Explicitly configure spring.jpa.open-in-view to disable this warning
2022-01-15 19:12:06,469 INFO springfox.documentation.spring.web.PropertySourcedRequestMappingHandlerMapping [restartedMain] Mapped URL path [/v2/api-docs] onto method [public org.springframework.http.ResponseEntity<springfox.documentation.spring.web.json.Json> springfox.documentation.swagger2.web.Swagger2Controller.getDocumentation(java.lang.String,javax.servlet.http.HttpServletRequest)]
2022-01-15 19:12:06,494 INFO org.springframework.security.web.DefaultSecurityFilterChain [restartedMain] Creating filter chain: Ant [pattern='/v2/api-docs/**'], []
2022-01-15 19:12:06,494 INFO org.springframework.security.web.DefaultSecurityFilterChain [restartedMain] Creating filter chain: Ant [pattern='/swagger.json'], []
2022-01-15 19:12:06,494 INFO org.springframework.security.web.DefaultSecurityFilterChain [restartedMain] Creating filter chain: Ant [pattern='/swagger-ui.html'], []
2022-01-15 19:12:06,494 INFO org.springframework.security.web.DefaultSecurityFilterChain [restartedMain] Creating filter chain: Ant [pattern='/webjars/**'], []
2022-01-15 19:12:06,495 INFO org.springframework.security.web.DefaultSecurityFilterChain [restartedMain] Creating filter chain: Ant [pattern='/swagger-resources/**'], []
2022-01-15 19:12:06,495 INFO org.springframework.security.web.DefaultSecurityFilterChain [restartedMain] Creating filter chain: Ant [pattern='/**', POST], []
2022-01-15 19:12:06,495 INFO org.springframework.security.web.DefaultSecurityFilterChain [restartedMain] Creating filter chain: Ant [pattern='/**', GET], []
2022-01-15 19:12:06,495 INFO org.springframework.security.web.DefaultSecurityFilterChain [restartedMain] Creating filter chain: Ant [pattern='/assets/**', GET], []
2022-01-15 19:12:06,517 INFO org.springframework.boot.autoconfigure.web.servlet.WelcomePageHandlerMapping [restartedMain] Adding welcome page template: index
2022-01-15 19:12:06,531 INFO org.springframework.security.web.DefaultSecurityFilterChain [restartedMain] Creating filter chain: any request, [org.springframework.security.web.context.request.async.WebAsyncManagerIntegrationFilter@b43abda, org.springframework.security.web.context.SecurityContextPersistenceFilter@240be320, org.springframework.security.web.header.HeaderWriterFilter@f851194, org.springframework.web.filter.CorsFilter@27d99809, org.springframework.security.web.authentication.logout.LogoutFilter@106a1a76, com.nidhi.cms.security.JwtAuthenticationFilter@213b29, org.springframework.security.web.savedrequest.RequestCacheAwareFilter@384d37cf, org.springframework.security.web.servletapi.SecurityContextHolderAwareRequestFilter@1fe398e3, org.springframework.security.web.authentication.AnonymousAuthenticationFilter@14f9542a, org.springframework.security.web.session.SessionManagementFilter@643d776e, org.springframework.security.web.access.ExceptionTranslationFilter@758d3af4, org.springframework.security.web.access.intercept.FilterSecurityInterceptor@28c24ac0]
2022-01-15 19:12:06,628 INFO org.springframework.scheduling.concurrent.ExecutorConfigurationSupport [restartedMain] Initializing ExecutorService 'applicationTaskExecutor'
2022-01-15 19:12:06,732 INFO org.springframework.scheduling.concurrent.ExecutorConfigurationSupport [restartedMain] Initializing ExecutorService 'taskScheduler'
2022-01-15 19:12:06,797 INFO springfox.documentation.spring.web.plugins.DocumentationPluginsBootstrapper [restartedMain] Context refreshed
2022-01-15 19:12:06,799 INFO springfox.documentation.spring.web.plugins.DocumentationPluginsBootstrapper [restartedMain] Found 1 custom documentation plugin(s)
2022-01-15 19:12:06,810 INFO springfox.documentation.spring.web.scanners.ApiListingReferenceScanner [restartedMain] Scanning for api listing references
2022-01-15 19:12:06,947 INFO org.springframework.boot.web.embedded.tomcat.TomcatWebServer [restartedMain] Tomcat started on port(s): 1234 (http) with context path ''
2022-01-15 19:12:06,948 INFO org.springframework.boot.StartupInfoLogger [restartedMain] Started NidhiCmsApplication in 2.764 seconds (JVM running for 530.769)
2022-01-15 19:12:06,953 INFO org.springframework.boot.devtools.autoconfigure.ConditionEvaluationDeltaLoggingListener [restartedMain] Condition evaluation unchanged
2022-01-15 19:12:46,408 INFO org.springframework.scheduling.concurrent.ExecutorConfigurationSupport [Thread-30] Shutting down ExecutorService 'taskScheduler'
2022-01-15 19:12:46,409 INFO org.springframework.scheduling.concurrent.ExecutorConfigurationSupport [Thread-30] Shutting down ExecutorService 'applicationTaskExecutor'
2022-01-15 19:12:46,413 INFO org.springframework.orm.jpa.AbstractEntityManagerFactoryBean [Thread-30] Closing JPA EntityManagerFactory for persistence unit 'default'
2022-01-15 19:12:46,415 INFO com.zaxxer.hikari.HikariDataSource [Thread-30] HikariPool-5 - Shutdown initiated...
2022-01-15 19:12:46,423 INFO com.zaxxer.hikari.HikariDataSource [Thread-30] HikariPool-5 - Shutdown completed.
